# JRE version: OpenJDK Runtime Environment (11.0.11+9) (build 11.0.11+9-b60-7590822)
# Java VM: OpenJDK 64-Bit Server VM (11.0.11+9-b60-7590822, mixed mode, tiered, compressed oops, g1 gc, windows-amd64)
Heap:
 garbage-first heap   total 313344K, used 179354K [0x0000000080000000, 0x0000000100000000)
  region size 1024K, 50 young (51200K), 7 survivors (7168K)
 Metaspace       used 165847K, capacity 171505K, committed 171596K, reserved 1200128K
  class space    used 19820K, capacity 21787K, committed 21836K, reserved 1048576K
GC Heap History (20 events):
Event: 7804.583 GC heap before
{Heap before GC invocations=144 (full 0):
 garbage-first heap   total 260096K, used 215359K [0x0000000080000000, 0x0000000100000000)
  region size 1024K, 64 young (65536K), 4 survivors (4096K)
 Metaspace       used 163477K, capacity 169053K, committed 169164K, reserved 1196032K
  class space    used 19680K, capacity 21636K, committed 21708K, reserved 1048576K
}
Event: 7804.595 GC heap after
{Heap after GC invocations=145 (full 0):
 garbage-first heap   total 260096K, used 144422K [0x0000000080000000, 0x0000000100000000)
  region size 1024K, 8 young (8192K), 8 survivors (8192K)
 Metaspace       used 163477K, capacity 169053K, committed 169164K, reserved 1196032K
  class space    used 19680K, capacity 21636K, committed 21708K, reserved 1048576K
}
Event: 7804.624 GC heap before
{Heap before GC invocations=145 (full 0):
 garbage-first heap   total 260096K, used 147494K [0x0000000080000000, 0x0000000100000000)
  region size 1024K, 12 young (12288K), 8 survivors (8192K)
 Metaspace       used 163839K, capacity 169405K, committed 169676K, reserved 1198080K
  class space    used 19714K, capacity 21668K, committed 21708K, reserved 1048576K
}
Event: 7804.639 GC heap after
{Heap after GC invocations=146 (full 0):
 garbage-first heap   total 260096K, used 142807K [0x0000000080000000, 0x0000000100000000)
  region size 1024K, 2 young (2048K), 2 survivors (2048K)
 Metaspace       used 163839K, capacity 169405K, committed 169676K, reserved 1198080K
  class space    used 19714K, capacity 21668K, committed 21708K, reserved 1048576K
}
Event: 7804.933 GC heap before
{Heap before GC invocations=146 (full 0):
 garbage-first heap   total 260096K, used 203223K [0x0000000080000000, 0x0000000100000000)
  region size 1024K, 62 young (63488K), 2 survivors (2048K)
 Metaspace       used 164332K, capacity 169853K, committed 169932K, reserved 1198080K
  class space    used 19728K, capacity 21668K, committed 21708K, reserved 1048576K
}
Event: 7804.941 GC heap after
{Heap after GC invocations=147 (full 0):
 garbage-first heap   total 260096K, used 145980K [0x0000000080000000, 0x0000000100000000)
  region size 1024K, 5 young (5120K), 5 survivors (5120K)
 Metaspace       used 164332K, capacity 169853K, committed 169932K, reserved 1198080K
  class space    used 19728K, capacity 21668K, committed 21708K, reserved 1048576K
}
Event: 7806.019 GC heap before
{Heap before GC invocations=148 (full 0):
 garbage-first heap   total 260096K, used 201276K [0x0000000080000000, 0x0000000100000000)
  region size 1024K, 65 young (66560K), 5 survivors (5120K)
 Metaspace       used 164535K, capacity 170045K, committed 170188K, reserved 1198080K
  class space    used 19739K, capacity 21668K, committed 21708K, reserved 1048576K
}
Event: 7806.025 GC heap after
{Heap after GC invocations=149 (full 0):
 garbage-first heap   total 260096K, used 144573K [0x0000000080000000, 0x0000000100000000)
  region size 1024K, 8 young (8192K), 8 survivors (8192K)
 Metaspace       used 164535K, capacity 170045K, committed 170188K, reserved 1198080K
  class space    used 19739K, capacity 21668K, committed 21708K, reserved 1048576K
}
Event: 7806.031 GC heap before
{Heap before GC invocations=149 (full 0):
 garbage-first heap   total 260096K, used 147645K [0x0000000080000000, 0x0000000100000000)
  region size 1024K, 12 young (12288K), 8 survivors (8192K)
 Metaspace       used 164535K, capacity 170045K, committed 170188K, reserved 1198080K
  class space    used 19739K, capacity 21668K, committed 21708K, reserved 1048576K
}
Event: 7806.046 GC heap after
{Heap after GC invocations=150 (full 0):
 garbage-first heap   total 260096K, used 126640K [0x0000000080000000, 0x0000000100000000)
  region size 1024K, 1 young (1024K), 1 survivors (1024K)
 Metaspace       used 164535K, capacity 170045K, committed 170188K, reserved 1198080K
  class space    used 19739K, capacity 21668K, committed 21708K, reserved 1048576K
}
Event: 7806.058 GC heap before
{Heap before GC invocations=150 (full 0):
 garbage-first heap   total 260096K, used 136880K [0x0000000080000000, 0x0000000100000000)
  region size 1024K, 12 young (12288K), 1 survivors (1024K)
 Metaspace       used 164538K, capacity 170045K, committed 170188K, reserved 1198080K
  class space    used 19739K, capacity 21668K, committed 21708K, reserved 1048576K
}
Event: 7806.069 GC heap after
{Heap after GC invocations=151 (full 0):
 garbage-first heap   total 260096K, used 125481K [0x0000000080000000, 0x0000000100000000)
  region size 1024K, 1 young (1024K), 1 survivors (1024K)
 Metaspace       used 164538K, capacity 170045K, committed 170188K, reserved 1198080K
  class space    used 19739K, capacity 21668K, committed 21708K, reserved 1048576K
}
Event: 7807.447 GC heap before
{Heap before GC invocations=151 (full 0):
 garbage-first heap   total 260096K, used 194089K [0x0000000080000000, 0x0000000100000000)
  region size 1024K, 70 young (71680K), 1 survivors (1024K)
 Metaspace       used 165124K, capacity 170679K, committed 170828K, reserved 1198080K
  class space    used 19778K, capacity 21708K, committed 21836K, reserved 1048576K
}
Event: 7807.451 GC heap after
{Heap after GC invocations=152 (full 0):
 garbage-first heap   total 260096K, used 126368K [0x0000000080000000, 0x0000000100000000)
  region size 1024K, 2 young (2048K), 2 survivors (2048K)
 Metaspace       used 165124K, capacity 170679K, committed 170828K, reserved 1198080K
  class space    used 19778K, capacity 21708K, committed 21836K, reserved 1048576K
}
Event: 7810.716 GC heap before
{Heap before GC invocations=153 (full 0):
 garbage-first heap   total 260096K, used 211360K [0x0000000080000000, 0x0000000100000000)
  region size 1024K, 78 young (79872K), 2 survivors (2048K)
 Metaspace       used 165554K, capacity 171239K, committed 171340K, reserved 1198080K
  class space    used 19817K, capacity 21787K, committed 21836K, reserved 1048576K
}
Event: 7810.723 GC heap after
{Heap after GC invocations=154 (full 0):
 garbage-first heap   total 260096K, used 132982K [0x0000000080000000, 0x0000000100000000)
  region size 1024K, 6 young (6144K), 6 survivors (6144K)
 Metaspace       used 165554K, capacity 171239K, committed 171340K, reserved 1198080K
  class space    used 19817K, capacity 21787K, committed 21836K, reserved 1048576K
}
Event: 7810.781 GC heap before
{Heap before GC invocations=154 (full 0):
 garbage-first heap   total 260096K, used 139126K [0x0000000080000000, 0x0000000100000000)
  region size 1024K, 12 young (12288K), 6 survivors (6144K)
 Metaspace       used 165554K, capacity 171239K, committed 171340K, reserved 1198080K
  class space    used 19817K, capacity 21787K, committed 21836K, reserved 1048576K
}
Event: 7810.798 GC heap after
{Heap after GC invocations=155 (full 0):
 garbage-first heap   total 260096K, used 127830K [0x0000000080000000, 0x0000000100000000)
  region size 1024K, 2 young (2048K), 2 survivors (2048K)
 Metaspace       used 165554K, capacity 171239K, committed 171340K, reserved 1198080K
  class space    used 19817K, capacity 21787K, committed 21836K, reserved 1048576K
}
Event: 7811.123 GC heap before
{Heap before GC invocations=155 (full 0):
 garbage-first heap   total 260096K, used 168790K [0x0000000080000000, 0x0000000100000000)
  region size 1024K, 44 young (45056K), 2 survivors (2048K)
 Metaspace       used 165735K, capacity 171431K, committed 171596K, reserved 1200128K
  class space    used 19818K, capacity 21787K, committed 21836K, reserved 1048576K
}
Event: 7811.139 GC heap after
{Heap after GC invocations=156 (full 0):
 garbage-first heap   total 313344K, used 133274K [0x0000000080000000, 0x0000000100000000)
  region size 1024K, 7 young (7168K), 7 survivors (7168K)
 Metaspace       used 165735K, capacity 171431K, committed 171596K, reserved 1200128K
  class space    used 19818K, capacity 21787K, committed 21836K, reserved 1048576K
}

