# JRE version: OpenJDK Runtime Environment (11.0.10) (build 11.0.10+0-b96-7249189)
# Java VM: OpenJDK 64-Bit Server VM (11.0.10+0-b96-7249189, mixed mode, tiered, compressed oops, g1 gc, windows-amd64)
Heap:
 garbage-first heap   total 260096K, used 214830K [0x0000000080000000, 0x0000000100000000)
  region size 1024K, 126 young (129024K), 9 survivors (9216K)
 Metaspace       used 127056K, capacity 131551K, committed 132028K, reserved 1163264K
  class space    used 16209K, capacity 17882K, committed 18108K, reserved 1048576K
GC Heap History (20 events):
Event: 1092.903 GC heap before
{Heap before GC invocations=23 (full 0):
 garbage-first heap   total 260096K, used 215833K [0x0000000080000000, 0x0000000100000000)
  region size 1024K, 110 young (112640K), 11 survivors (11264K)
 Metaspace       used 123686K, capacity 127751K, committed 127932K, reserved 1159168K
  class space    used 16003K, capacity 17505K, committed 17596K, reserved 1048576K
}
Event: 1092.911 GC heap after
{Heap after GC invocations=24 (full 0):
 garbage-first heap   total 260096K, used 104186K [0x0000000080000000, 0x0000000100000000)
  region size 1024K, 7 young (7168K), 7 survivors (7168K)
 Metaspace       used 123686K, capacity 127751K, committed 127932K, reserved 1159168K
  class space    used 16003K, capacity 17505K, committed 17596K, reserved 1048576K
}
Event: 1141.233 GC heap before
{Heap before GC invocations=24 (full 0):
 garbage-first heap   total 260096K, used 216826K [0x0000000080000000, 0x0000000100000000)
  region size 1024K, 110 young (112640K), 7 survivors (7168K)
 Metaspace       used 124665K, capacity 129136K, committed 129468K, reserved 1161216K
  class space    used 16145K, capacity 17769K, committed 17852K, reserved 1048576K
}
Event: 1141.239 GC heap after
{Heap after GC invocations=25 (full 0):
 garbage-first heap   total 260096K, used 104425K [0x0000000080000000, 0x0000000100000000)
  region size 1024K, 8 young (8192K), 8 survivors (8192K)
 Metaspace       used 124665K, capacity 129136K, committed 129468K, reserved 1161216K
  class space    used 16145K, capacity 17769K, committed 17852K, reserved 1048576K
}
Event: 1197.758 GC heap before
{Heap before GC invocations=25 (full 0):
 garbage-first heap   total 260096K, used 217065K [0x0000000080000000, 0x0000000100000000)
  region size 1024K, 111 young (113664K), 8 survivors (8192K)
 Metaspace       used 125041K, capacity 129602K, committed 129852K, reserved 1161216K
  class space    used 16201K, capacity 17872K, committed 17980K, reserved 1048576K
}
Event: 1197.764 GC heap after
{Heap after GC invocations=26 (full 0):
 garbage-first heap   total 260096K, used 104061K [0x0000000080000000, 0x0000000100000000)
  region size 1024K, 7 young (7168K), 7 survivors (7168K)
 Metaspace       used 125041K, capacity 129602K, committed 129852K, reserved 1161216K
  class space    used 16201K, capacity 17872K, committed 17980K, reserved 1048576K
}
Event: 2826.022 GC heap before
{Heap before GC invocations=26 (full 0):
 garbage-first heap   total 260096K, used 218749K [0x0000000080000000, 0x0000000100000000)
  region size 1024K, 112 young (114688K), 7 survivors (7168K)
 Metaspace       used 125243K, capacity 129810K, committed 130108K, reserved 1161216K
  class space    used 16201K, capacity 17872K, committed 17980K, reserved 1048576K
}
Event: 2826.030 GC heap after
{Heap after GC invocations=27 (full 0):
 garbage-first heap   total 260096K, used 98732K [0x0000000080000000, 0x0000000100000000)
  region size 1024K, 2 young (2048K), 2 survivors (2048K)
 Metaspace       used 125243K, capacity 129810K, committed 130108K, reserved 1161216K
  class space    used 16201K, capacity 17872K, committed 17980K, reserved 1048576K
}
Event: 6426.032 GC heap before
{Heap before GC invocations=27 (full 0):
 garbage-first heap   total 260096K, used 164268K [0x0000000080000000, 0x0000000100000000)
  region size 1024K, 67 young (68608K), 2 survivors (2048K)
 Metaspace       used 125323K, capacity 129866K, committed 130108K, reserved 1161216K
  class space    used 16210K, capacity 17889K, committed 17980K, reserved 1048576K
}
Event: 6426.140 GC heap after
{Heap after GC invocations=28 (full 1):
 garbage-first heap   total 260096K, used 75112K [0x0000000080000000, 0x0000000100000000)
  region size 1024K, 0 young (0K), 0 survivors (0K)
 Metaspace       used 124627K, capacity 128765K, committed 130108K, reserved 1161216K
  class space    used 15999K, capacity 17495K, committed 17980K, reserved 1048576K
}
Event: 10813.057 GC heap before
{Heap before GC invocations=28 (full 1):
 garbage-first heap   total 260096K, used 206184K [0x0000000080000000, 0x0000000100000000)
  region size 1024K, 130 young (133120K), 0 survivors (0K)
 Metaspace       used 124728K, capacity 128916K, committed 130108K, reserved 1161216K
  class space    used 16004K, capacity 17502K, committed 17980K, reserved 1048576K
}
Event: 10813.143 GC heap after
{Heap after GC invocations=29 (full 2):
 garbage-first heap   total 260096K, used 80112K [0x0000000080000000, 0x0000000100000000)
  region size 1024K, 0 young (0K), 0 survivors (0K)
 Metaspace       used 124399K, capacity 128402K, committed 130108K, reserved 1161216K
  class space    used 15945K, capacity 17391K, committed 17980K, reserved 1048576K
}
Event: 14129.248 GC heap before
{Heap before GC invocations=29 (full 2):
 garbage-first heap   total 260096K, used 219376K [0x0000000080000000, 0x0000000100000000)
  region size 1024K, 129 young (132096K), 0 survivors (0K)
 Metaspace       used 124974K, capacity 129038K, committed 130364K, reserved 1161216K
  class space    used 15982K, capacity 17453K, committed 17980K, reserved 1048576K
}
Event: 14129.260 GC heap after
{Heap after GC invocations=30 (full 2):
 garbage-first heap   total 260096K, used 86027K [0x0000000080000000, 0x0000000100000000)
  region size 1024K, 6 young (6144K), 6 survivors (6144K)
 Metaspace       used 124974K, capacity 129038K, committed 130364K, reserved 1161216K
  class space    used 15982K, capacity 17453K, committed 17980K, reserved 1048576K
}
Event: 15005.510 GC heap before
{Heap before GC invocations=30 (full 2):
 garbage-first heap   total 260096K, used 219147K [0x0000000080000000, 0x0000000100000000)
  region size 1024K, 129 young (132096K), 6 survivors (6144K)
 Metaspace       used 125451K, capacity 129633K, committed 130876K, reserved 1163264K
  class space    used 16014K, capacity 17518K, committed 17980K, reserved 1048576K
}
Event: 15005.516 GC heap after
{Heap after GC invocations=31 (full 2):
 garbage-first heap   total 260096K, used 87280K [0x0000000080000000, 0x0000000100000000)
  region size 1024K, 7 young (7168K), 7 survivors (7168K)
 Metaspace       used 125451K, capacity 129633K, committed 130876K, reserved 1163264K
  class space    used 16014K, capacity 17518K, committed 17980K, reserved 1048576K
}
Event: 15090.324 GC heap before
{Heap before GC invocations=31 (full 2):
 garbage-first heap   total 260096K, used 219376K [0x0000000080000000, 0x0000000100000000)
  region size 1024K, 129 young (132096K), 7 survivors (7168K)
 Metaspace       used 126005K, capacity 130198K, committed 131516K, reserved 1163264K
  class space    used 16035K, capacity 17564K, committed 18108K, reserved 1048576K
}
Event: 15090.331 GC heap after
{Heap after GC invocations=32 (full 2):
 garbage-first heap   total 260096K, used 88774K [0x0000000080000000, 0x0000000100000000)
  region size 1024K, 9 young (9216K), 9 survivors (9216K)
 Metaspace       used 126005K, capacity 130198K, committed 131516K, reserved 1163264K
  class space    used 16035K, capacity 17564K, committed 18108K, reserved 1048576K
}
Event: 16714.991 GC heap before
{Heap before GC invocations=32 (full 2):
 garbage-first heap   total 260096K, used 217798K [0x0000000080000000, 0x0000000100000000)
  region size 1024K, 128 young (131072K), 9 survivors (9216K)
 Metaspace       used 126215K, capacity 130329K, committed 131516K, reserved 1163264K
  class space    used 16036K, capacity 17564K, committed 18108K, reserved 1048576K
}
Event: 16714.997 GC heap after
{Heap after GC invocations=33 (full 2):
 garbage-first heap   total 260096K, used 88878K [0x0000000080000000, 0x0000000100000000)
  region size 1024K, 9 young (9216K), 9 survivors (9216K)
 Metaspace       used 126215K, capacity 130329K, committed 131516K, reserved 1163264K
  class space    used 16036K, capacity 17564K, committed 18108K, reserved 1048576K
}

